<?xml version="1.0" encoding="UTF-8"?>
<flow xmlns="http://www.springframework.org/schema/webflow"
      xmlns:xsi="http://www.w3.org/2001/XMLSchema-instance"
      xsi:schemaLocation="http://www.springframework.org/schema/webflow
     http://www.springframework.org/schema/webflow/spring-webflow-2.0.xsd">
    <on-start>
        <evaluate expression="testAction"/>
    </on-start>

<!--    http://127.0.0.1:8080/spring-web-flow/test 最终会访问test视图-->
    <view-state id="test">

    </view-state>


</flow>